2025-05-26 12:05:59,596 - INFO - server listening on 0.0.0.0:8765
2025-05-26 12:05:59,597 - INFO - WebSocket server started on ws://localhost:8765
2025-05-26 12:06:21,608 - INFO - connection open
2025-05-26 12:06:21,608 - ERROR - connection handler failed
Traceback (most recent call last):
  File "/home/mdt/gps_venv/lib/python3.11/site-packages/websockets/asyncio/server.py", line 376, in conn_handler
    await self.handler(connection)
          ^^^^^^^^^^^^^^^^^^^^^^^^
TypeError: handle_connection() missing 1 required positional argument: 'path'
2025-05-26 12:06:34,153 - INFO - connection open
2025-05-26 12:06:34,154 - ERROR - connection handler failed
Traceback (most recent call last):
  File "/home/mdt/gps_venv/lib/python3.11/site-packages/websockets/asyncio/server.py", line 376, in conn_handler
    await self.handler(connection)
          ^^^^^^^^^^^^^^^^^^^^^^^^
TypeError: handle_connection() missing 1 required positional argument: 'path'
2025-05-26 12:06:46,206 - INFO - connection open
2025-05-26 12:06:46,207 - ERROR - connection handler failed
Traceback (most recent call last):
  File "/home/mdt/gps_venv/lib/python3.11/site-packages/websockets/asyncio/server.py", line 376, in conn_handler
    await self.handler(connection)
          ^^^^^^^^^^^^^^^^^^^^^^^^
TypeError: handle_connection() missing 1 required positional argument: 'path'
2025-05-26 12:06:58,251 - INFO - connection open
2025-05-26 12:06:58,252 - ERROR - connection handler failed
Traceback (most recent call last):
  File "/home/mdt/gps_venv/lib/python3.11/site-packages/websockets/asyncio/server.py", line 376, in conn_handler
    await self.handler(connection)
          ^^^^^^^^^^^^^^^^^^^^^^^^
TypeError: handle_connection() missing 1 required positional argument: 'path'
2025-05-26 12:07:10,314 - INFO - connection open
2025-05-26 12:07:10,315 - ERROR - connection handler failed
Traceback (most recent call last):
  File "/home/mdt/gps_venv/lib/python3.11/site-packages/websockets/asyncio/server.py", line 376, in conn_handler
    await self.handler(connection)
          ^^^^^^^^^^^^^^^^^^^^^^^^
TypeError: handle_connection() missing 1 required positional argument: 'path'
2025-05-26 12:07:22,367 - INFO - connection open
2025-05-26 12:07:22,367 - ERROR - connection handler failed
Traceback (most recent call last):
  File "/home/mdt/gps_venv/lib/python3.11/site-packages/websockets/asyncio/server.py", line 376, in conn_handler
    await self.handler(connection)
          ^^^^^^^^^^^^^^^^^^^^^^^^
TypeError: handle_connection() missing 1 required positional argument: 'path'
2025-05-26 12:07:34,412 - INFO - connection open
2025-05-26 12:07:34,412 - ERROR - connection handler failed
Traceback (most recent call last):
  File "/home/mdt/gps_venv/lib/python3.11/site-packages/websockets/asyncio/server.py", line 376, in conn_handler
    await self.handler(connection)
          ^^^^^^^^^^^^^^^^^^^^^^^^
TypeError: handle_connection() missing 1 required positional argument: 'path'
2025-05-26 12:07:46,472 - INFO - connection open
2025-05-26 12:07:46,474 - ERROR - connection handler failed
Traceback (most recent call last):
  File "/home/mdt/gps_venv/lib/python3.11/site-packages/websockets/asyncio/server.py", line 376, in conn_handler
    await self.handler(connection)
          ^^^^^^^^^^^^^^^^^^^^^^^^
TypeError: handle_connection() missing 1 required positional argument: 'path'
2025-05-26 12:07:58,530 - INFO - connection open
2025-05-26 12:07:58,531 - ERROR - connection handler failed
Traceback (most recent call last):
  File "/home/mdt/gps_venv/lib/python3.11/site-packages/websockets/asyncio/server.py", line 376, in conn_handler
    await self.handler(connection)
          ^^^^^^^^^^^^^^^^^^^^^^^^
TypeError: handle_connection() missing 1 required positional argument: 'path'
2025-05-26 12:08:10,581 - INFO - connection open
2025-05-26 12:08:10,582 - ERROR - connection handler failed
Traceback (most recent call last):
  File "/home/mdt/gps_venv/lib/python3.11/site-packages/websockets/asyncio/server.py", line 376, in conn_handler
    await self.handler(connection)
          ^^^^^^^^^^^^^^^^^^^^^^^^
TypeError: handle_connection() missing 1 required positional argument: 'path'
2025-05-26 12:09:13,630 - INFO - server listening on 0.0.0.0:8765
2025-05-26 12:09:13,631 - INFO - WebSocket server started on ws://localhost:8765
2025-05-26 12:11:15,575 - INFO - server listening on 0.0.0.0:8765
2025-05-26 12:11:15,575 - INFO - WebSocket server started on ws://localhost:8765
2025-05-26 12:52:10,000 - INFO - server listening on 0.0.0.0:8765
2025-05-26 12:52:10,001 - INFO - WebSocket server started on ws://localhost:8765
2025-05-26 12:52:10,995 - INFO - connection open
2025-05-26 12:52:10,996 - ERROR - connection handler failed
Traceback (most recent call last):
  File "/home/mdt/gps_venv/lib/python3.11/site-packages/websockets/asyncio/server.py", line 376, in conn_handler
    await self.handler(connection)
          ^^^^^^^^^^^^^^^^^^^^^^^^
TypeError: handle_connection() missing 1 required positional argument: 'path'
2025-05-26 13:00:00,843 - INFO - server listening on 0.0.0.0:8765
2025-05-26 13:00:00,844 - INFO - WebSocket server started on ws://localhost:8765
2025-05-26 13:00:03,984 - INFO - connection open
2025-05-26 13:00:03,984 - ERROR - connection handler failed
Traceback (most recent call last):
  File "/home/mdt/gps_venv/lib/python3.11/site-packages/websockets/asyncio/server.py", line 376, in conn_handler
    await self.handler(connection)
          ^^^^^^^^^^^^^^^^^^^^^^^^
TypeError: handle_connection() missing 1 required positional argument: 'path'
2025-05-26 13:00:16,039 - INFO - connection open
2025-05-26 13:00:16,040 - ERROR - connection handler failed
Traceback (most recent call last):
  File "/home/mdt/gps_venv/lib/python3.11/site-packages/websockets/asyncio/server.py", line 376, in conn_handler
    await self.handler(connection)
          ^^^^^^^^^^^^^^^^^^^^^^^^
TypeError: handle_connection() missing 1 required positional argument: 'path'
2025-05-26 13:00:28,099 - INFO - connection open
2025-05-26 13:00:28,101 - ERROR - connection handler failed
Traceback (most recent call last):
  File "/home/mdt/gps_venv/lib/python3.11/site-packages/websockets/asyncio/server.py", line 376, in conn_handler
    await self.handler(connection)
          ^^^^^^^^^^^^^^^^^^^^^^^^
TypeError: handle_connection() missing 1 required positional argument: 'path'
2025-05-26 13:00:40,165 - INFO - connection open
2025-05-26 13:00:40,167 - ERROR - connection handler failed
Traceback (most recent call last):
  File "/home/mdt/gps_venv/lib/python3.11/site-packages/websockets/asyncio/server.py", line 376, in conn_handler
    await self.handler(connection)
          ^^^^^^^^^^^^^^^^^^^^^^^^
TypeError: handle_connection() missing 1 required positional argument: 'path'
2025-05-26 13:12:01,904 - INFO - server listening on 0.0.0.0:8765
2025-05-26 13:12:01,905 - INFO - WebSocket server started on ws://localhost:8765
2025-05-26 13:12:05,102 - INFO - connection open
2025-05-26 13:12:05,103 - ERROR - connection handler failed
Traceback (most recent call last):
  File "/home/mdt/gps_venv/lib/python3.11/site-packages/websockets/asyncio/server.py", line 376, in conn_handler
    await self.handler(connection)
          ^^^^^^^^^^^^^^^^^^^^^^^^
TypeError: handle_connection() missing 1 required positional argument: 'path'
2025-05-26 13:26:00,132 - INFO - server listening on 0.0.0.0:8765
2025-05-26 13:26:00,133 - INFO - WebSocket server started on ws://localhost:8765
2025-05-26 13:26:03,628 - INFO - connection open
2025-05-26 13:26:03,628 - INFO - Client connected
2025-05-26 13:26:03,637 - ERROR - Error processing message: 'Server' object has no attribute 'clients'
2025-05-26 13:26:03,638 - ERROR - Error processing message: 'Server' object has no attribute 'clients'
2025-05-26 13:26:03,639 - ERROR - Error processing message: 'Server' object has no attribute 'clients'
2025-05-26 13:26:03,640 - ERROR - Error processing message: 'Server' object has no attribute 'clients'
2025-05-26 13:26:03,640 - ERROR - Error processing message: 'Server' object has no attribute 'clients'
2025-05-26 13:26:03,641 - ERROR - Error processing message: 'Server' object has no attribute 'clients'
2025-05-26 13:26:03,641 - ERROR - Error processing message: 'Server' object has no attribute 'clients'
2025-05-26 13:26:03,642 - ERROR - Error processing message: 'Server' object has no attribute 'clients'
2025-05-26 13:26:03,643 - ERROR - Error processing message: 'Server' object has no attribute 'clients'
2025-05-26 13:26:03,643 - ERROR - Error processing message: 'Server' object has no attribute 'clients'
2025-05-26 13:26:03,643 - ERROR - Error processing message: 'Server' object has no attribute 'clients'
2025-05-26 13:26:03,644 - ERROR - Error processing message: 'Server' object has no attribute 'clients'
2025-05-26 13:26:03,644 - ERROR - Error processing message: 'Server' object has no attribute 'clients'
2025-05-26 13:26:03,645 - ERROR - Error processing message: 'Server' object has no attribute 'clients'
2025-05-26 13:26:03,645 - ERROR - Error processing message: 'Server' object has no attribute 'clients'
2025-05-26 13:26:03,646 - ERROR - Error processing message: 'Server' object has no attribute 'clients'
2025-05-26 13:26:03,646 - ERROR - Error processing message: 'Server' object has no attribute 'clients'
2025-05-26 13:26:03,646 - ERROR - Error processing message: 'Server' object has no attribute 'clients'
2025-05-26 13:26:03,647 - ERROR - Error processing message: 'Server' object has no attribute 'clients'
2025-05-26 13:26:03,647 - ERROR - Error processing message: 'Server' object has no attribute 'clients'
2025-05-26 13:26:03,648 - ERROR - Error processing message: 'Server' object has no attribute 'clients'
2025-05-26 13:26:03,648 - ERROR - Error processing message: 'Server' object has no attribute 'clients'
2025-05-26 13:26:03,648 - ERROR - Error processing message: 'Server' object has no attribute 'clients'
2025-05-26 13:26:03,649 - ERROR - Error processing message: 'Server' object has no attribute 'clients'
2025-05-26 13:26:03,650 - ERROR - Error processing message: 'Server' object has no attribute 'clients'
2025-05-26 13:26:03,650 - ERROR - Error processing message: 'Server' object has no attribute 'clients'
2025-05-26 13:26:03,650 - ERROR - Error processing message: 'Server' object has no attribute 'clients'
2025-05-26 13:26:03,650 - ERROR - Error processing message: 'Server' object has no attribute 'clients'
2025-05-26 13:26:03,651 - ERROR - Error processing message: 'Server' object has no attribute 'clients'
2025-05-26 13:26:03,652 - ERROR - Error processing message: 'Server' object has no attribute 'clients'
2025-05-26 13:26:03,652 - ERROR - Error processing message: 'Server' object has no attribute 'clients'
2025-05-26 13:26:03,652 - ERROR - Error processing message: 'Server' object has no attribute 'clients'
2025-05-26 13:26:03,653 - ERROR - Error processing message: 'Server' object has no attribute 'clients'
2025-05-26 13:26:03,653 - ERROR - Error processing message: 'Server' object has no attribute 'clients'
2025-05-26 13:26:03,654 - ERROR - Error processing message: 'Server' object has no attribute 'clients'
2025-05-26 13:26:03,654 - ERROR - Error processing message: 'Server' object has no attribute 'clients'
2025-05-26 13:26:03,655 - ERROR - Error processing message: 'Server' object has no attribute 'clients'
2025-05-26 13:26:03,655 - ERROR - Error processing message: 'Server' object has no attribute 'clients'
2025-05-26 13:26:03,656 - ERROR - Error processing message: 'Server' object has no attribute 'clients'
2025-05-26 13:26:03,656 - ERROR - Error processing message: 'Server' object has no attribute 'clients'
2025-05-26 13:26:03,656 - ERROR - Error processing message: 'Server' object has no attribute 'clients'
2025-05-26 13:26:03,657 - ERROR - Error processing message: 'Server' object has no attribute 'clients'
2025-05-26 13:26:03,657 - ERROR - Error processing message: 'Server' object has no attribute 'clients'
2025-05-26 13:26:03,657 - ERROR - Error processing message: 'Server' object has no attribute 'clients'
2025-05-26 13:26:03,658 - ERROR - Error processing message: 'Server' object has no attribute 'clients'
2025-05-26 13:26:03,659 - ERROR - Error processing message: 'Server' object has no attribute 'clients'
2025-05-26 13:26:03,659 - ERROR - Error processing message: 'Server' object has no attribute 'clients'
2025-05-26 13:26:03,659 - ERROR - Error processing message: 'Server' object has no attribute 'clients'
2025-05-26 13:26:03,660 - ERROR - Error processing message: 'Server' object has no attribute 'clients'
2025-05-26 13:26:03,660 - ERROR - Error processing message: 'Server' object has no attribute 'clients'
2025-05-26 13:26:03,660 - ERROR - Error processing message: 'Server' object has no attribute 'clients'
2025-05-26 13:26:03,661 - ERROR - Error processing message: 'Server' object has no attribute 'clients'
2025-05-26 13:26:03,661 - ERROR - Error processing message: 'Server' object has no attribute 'clients'
2025-05-26 13:26:03,662 - ERROR - Error processing message: 'Server' object has no attribute 'clients'
2025-05-26 13:26:03,662 - ERROR - Error processing message: 'Server' object has no attribute 'clients'
2025-05-26 13:26:03,662 - ERROR - Error processing message: 'Server' object has no attribute 'clients'
2025-05-26 13:26:03,663 - ERROR - Error processing message: 'Server' object has no attribute 'clients'
2025-05-26 13:26:03,663 - ERROR - Error processing message: 'Server' object has no attribute 'clients'
2025-05-26 13:26:03,664 - ERROR - Error processing message: 'Server' object has no attribute 'clients'
2025-05-26 13:26:03,664 - ERROR - Error processing message: 'Server' object has no attribute 'clients'
2025-05-26 13:26:03,665 - ERROR - Error processing message: 'Server' object has no attribute 'clients'
2025-05-26 13:26:03,665 - ERROR - Error processing message: 'Server' object has no attribute 'clients'
2025-05-26 13:26:03,665 - ERROR - Error processing message: 'Server' object has no attribute 'clients'
2025-05-26 13:26:03,666 - ERROR - Error processing message: 'Server' object has no attribute 'clients'
2025-05-26 13:26:03,666 - ERROR - Error processing message: 'Server' object has no attribute 'clients'
2025-05-26 13:26:03,666 - ERROR - Error processing message: 'Server' object has no attribute 'clients'
2025-05-26 13:26:03,667 - ERROR - Error processing message: 'Server' object has no attribute 'clients'
2025-05-26 13:26:03,668 - ERROR - Error processing message: 'Server' object has no attribute 'clients'
2025-05-26 13:26:03,668 - ERROR - Error processing message: 'Server' object has no attribute 'clients'
2025-05-26 13:26:03,668 - ERROR - Error processing message: 'Server' object has no attribute 'clients'
2025-05-26 13:26:03,668 - ERROR - Error processing message: 'Server' object has no attribute 'clients'
2025-05-26 13:26:03,669 - ERROR - Error processing message: 'Server' object has no attribute 'clients'
2025-05-26 13:26:03,669 - ERROR - Error processing message: 'Server' object has no attribute 'clients'
2025-05-26 13:26:03,669 - ERROR - Error processing message: 'Server' object has no attribute 'clients'
2025-05-26 13:26:03,670 - ERROR - Error processing message: 'Server' object has no attribute 'clients'
2025-05-26 13:26:03,670 - ERROR - Error processing message: 'Server' object has no attribute 'clients'
2025-05-26 13:26:03,671 - ERROR - Error processing message: 'Server' object has no attribute 'clients'
2025-05-26 13:26:03,671 - ERROR - Error processing message: 'Server' object has no attribute 'clients'
2025-05-26 13:26:03,671 - ERROR - Error processing message: 'Server' object has no attribute 'clients'
2025-05-26 13:26:03,672 - ERROR - Error processing message: 'Server' object has no attribute 'clients'
2025-05-26 13:26:03,672 - ERROR - Error processing message: 'Server' object has no attribute 'clients'
2025-05-26 13:26:03,672 - ERROR - Error processing message: 'Server' object has no attribute 'clients'
2025-05-26 13:26:03,673 - ERROR - Error processing message: 'Server' object has no attribute 'clients'
2025-05-26 13:26:03,674 - ERROR - Error processing message: 'Server' object has no attribute 'clients'
2025-05-26 13:26:03,674 - ERROR - Error processing message: 'Server' object has no attribute 'clients'
2025-05-26 13:26:03,674 - ERROR - Error processing message: 'Server' object has no attribute 'clients'
2025-05-26 13:26:03,675 - ERROR - Error processing message: 'Server' object has no attribute 'clients'
2025-05-26 13:26:03,675 - ERROR - Error processing message: 'Server' object has no attribute 'clients'
2025-05-26 13:26:03,675 - ERROR - Error processing message: 'Server' object has no attribute 'clients'
2025-05-26 13:26:03,675 - ERROR - Error processing message: 'Server' object has no attribute 'clients'
2025-05-26 13:26:03,676 - ERROR - Error processing message: 'Server' object has no attribute 'clients'
2025-05-26 13:26:03,676 - ERROR - Error processing message: 'Server' object has no attribute 'clients'
2025-05-26 13:26:03,677 - ERROR - Error processing message: 'Server' object has no attribute 'clients'
2025-05-26 13:26:03,677 - ERROR - Error processing message: 'Server' object has no attribute 'clients'
2025-05-26 13:26:03,677 - ERROR - Error processing message: 'Server' object has no attribute 'clients'
2025-05-26 13:26:03,678 - ERROR - Error processing message: 'Server' object has no attribute 'clients'
2025-05-26 13:26:03,678 - ERROR - Error processing message: 'Server' object has no attribute 'clients'
2025-05-26 13:26:03,678 - ERROR - Error processing message: 'Server' object has no attribute 'clients'
2025-05-26 13:26:03,679 - ERROR - Error processing message: 'Server' object has no attribute 'clients'
2025-05-26 13:26:03,680 - ERROR - Error processing message: 'Server' object has no attribute 'clients'
2025-05-26 13:26:03,680 - ERROR - Error processing message: 'Server' object has no attribute 'clients'
2025-05-26 13:26:03,680 - ERROR - Error processing message: 'Server' object has no attribute 'clients'
2025-05-26 13:26:03,680 - ERROR - Error processing message: 'Server' object has no attribute 'clients'
2025-05-26 13:26:03,681 - ERROR - Error processing message: 'Server' object has no attribute 'clients'
2025-05-26 13:26:03,682 - ERROR - Error processing message: 'Server' object has no attribute 'clients'
2025-05-26 13:26:03,682 - ERROR - Error processing message: 'Server' object has no attribute 'clients'
2025-05-26 13:26:03,682 - ERROR - Error processing message: 'Server' object has no attribute 'clients'
2025-05-26 13:26:03,683 - ERROR - Error processing message: 'Server' object has no attribute 'clients'
2025-05-26 13:26:03,683 - ERROR - Error processing message: 'Server' object has no attribute 'clients'
2025-05-26 13:26:03,683 - ERROR - Error processing message: 'Server' object has no attribute 'clients'
2025-05-26 13:26:03,684 - ERROR - Error processing message: 'Server' object has no attribute 'clients'
2025-05-26 13:26:03,685 - ERROR - Error processing message: 'Server' object has no attribute 'clients'
2025-05-26 13:26:03,685 - ERROR - Error processing message: 'Server' object has no attribute 'clients'
2025-05-26 13:26:03,685 - ERROR - Error processing message: 'Server' object has no attribute 'clients'
2025-05-26 13:26:03,686 - ERROR - Error processing message: 'Server' object has no attribute 'clients'
2025-05-26 13:26:03,686 - ERROR - Error processing message: 'Server' object has no attribute 'clients'
2025-05-26 13:26:03,686 - ERROR - Error processing message: 'Server' object has no attribute 'clients'
2025-05-26 13:26:03,687 - ERROR - Error processing message: 'Server' object has no attribute 'clients'
2025-05-26 13:26:03,687 - ERROR - Error processing message: 'Server' object has no attribute 'clients'
2025-05-26 13:26:03,688 - ERROR - Error processing message: 'Server' object has no attribute 'clients'
2025-05-26 13:26:03,688 - ERROR - Error processing message: 'Server' object has no attribute 'clients'
2025-05-26 13:26:03,688 - ERROR - Error processing message: 'Server' object has no attribute 'clients'
2025-05-26 13:26:03,688 - ERROR - Error processing message: 'Server' object has no attribute 'clients'
2025-05-26 13:26:03,689 - ERROR - Error processing message: 'Server' object has no attribute 'clients'
2025-05-26 13:26:03,690 - ERROR - Error processing message: 'Server' object has no attribute 'clients'
2025-05-26 13:26:03,690 - ERROR - Error processing message: 'Server' object has no attribute 'clients'
2025-05-26 13:26:03,690 - ERROR - Error processing message: 'Server' object has no attribute 'clients'
2025-05-26 13:26:03,691 - ERROR - Error processing message: 'Server' object has no attribute 'clients'
2025-05-26 13:26:03,691 - ERROR - Error processing message: 'Server' object has no attribute 'clients'
2025-05-26 13:26:03,691 - ERROR - Error processing message: 'Server' object has no attribute 'clients'
2025-05-26 13:26:03,691 - ERROR - Error processing message: 'Server' object has no attribute 'clients'
2025-05-26 13:26:03,692 - ERROR - Error processing message: 'Server' object has no attribute 'clients'
2025-05-26 13:26:03,693 - ERROR - Error processing message: 'Server' object has no attribute 'clients'
2025-05-26 13:26:03,693 - ERROR - Error processing message: 'Server' object has no attribute 'clients'
2025-05-26 13:26:03,693 - ERROR - Error processing message: 'Server' object has no attribute 'clients'
2025-05-26 13:26:03,693 - ERROR - Error processing message: 'Server' object has no attribute 'clients'
2025-05-26 13:26:03,694 - ERROR - Error processing message: 'Server' object has no attribute 'clients'
2025-05-26 13:26:03,694 - ERROR - Error processing message: 'Server' object has no attribute 'clients'
2025-05-26 13:26:03,695 - ERROR - Error processing message: 'Server' object has no attribute 'clients'
2025-05-26 13:26:03,695 - ERROR - Error processing message: 'Server' object has no attribute 'clients'
2025-05-26 13:26:03,696 - ERROR - Error processing message: 'Server' object has no attribute 'clients'
2025-05-26 13:26:03,696 - ERROR - Error processing message: 'Server' object has no attribute 'clients'
2025-05-26 13:26:03,696 - ERROR - Error processing message: 'Server' object has no attribute 'clients'
2025-05-26 13:26:03,696 - ERROR - Error processing message: 'Server' object has no attribute 'clients'
2025-05-26 13:26:03,697 - ERROR - Error processing message: 'Server' object has no attribute 'clients'
2025-05-26 13:26:03,698 - ERROR - Error processing message: 'Server' object has no attribute 'clients'
2025-05-26 13:26:03,698 - ERROR - Error processing message: 'Server' object has no attribute 'clients'
2025-05-26 13:26:03,698 - ERROR - Error processing message: 'Server' object has no attribute 'clients'
2025-05-26 13:26:03,699 - ERROR - Error processing message: 'Server' object has no attribute 'clients'
2025-05-26 13:26:03,699 - ERROR - Error processing message: 'Server' object has no attribute 'clients'
2025-05-26 13:26:03,699 - ERROR - Error processing message: 'Server' object has no attribute 'clients'
2025-05-26 13:26:03,699 - ERROR - Error processing message: 'Server' object has no attribute 'clients'
2025-05-26 13:26:03,700 - ERROR - Error processing message: 'Server' object has no attribute 'clients'
2025-05-26 13:26:03,700 - ERROR - Error processing message: 'Server' object has no attribute 'clients'
2025-05-26 13:26:03,701 - ERROR - Error processing message: 'Server' object has no attribute 'clients'
2025-05-26 13:26:03,701 - ERROR - Error processing message: 'Server' object has no attribute 'clients'
2025-05-26 13:26:03,701 - ERROR - Error processing message: 'Server' object has no attribute 'clients'
2025-05-26 13:26:03,702 - ERROR - Error processing message: 'Server' object has no attribute 'clients'
2025-05-26 13:26:03,702 - ERROR - Error processing message: 'Server' object has no attribute 'clients'
2025-05-26 13:26:03,703 - ERROR - Error processing message: 'Server' object has no attribute 'clients'
2025-05-26 13:26:03,703 - ERROR - Error processing message: 'Server' object has no attribute 'clients'
2025-05-26 13:26:03,703 - ERROR - Error processing message: 'Server' object has no attribute 'clients'
2025-05-26 13:26:03,704 - ERROR - Error processing message: 'Server' object has no attribute 'clients'
2025-05-26 13:26:03,704 - ERROR - Error processing message: 'Server' object has no attribute 'clients'
2025-05-26 13:26:03,705 - ERROR - Error processing message: 'Server' object has no attribute 'clients'
2025-05-26 13:26:03,705 - ERROR - Error processing message: 'Server' object has no attribute 'clients'
2025-05-26 13:26:03,705 - ERROR - Error processing message: 'Server' object has no attribute 'clients'
2025-05-26 13:26:03,706 - ERROR - Error processing message: 'Server' object has no attribute 'clients'
2025-05-26 13:26:03,706 - ERROR - Error processing message: 'Server' object has no attribute 'clients'
2025-05-26 13:26:03,706 - ERROR - Error processing message: 'Server' object has no attribute 'clients'
2025-05-26 13:26:03,707 - ERROR - Error processing message: 'Server' object has no attribute 'clients'
2025-05-26 13:26:03,708 - ERROR - Error processing message: 'Server' object has no attribute 'clients'
2025-05-26 13:26:03,708 - ERROR - Error processing message: 'Server' object has no attribute 'clients'
2025-05-26 13:26:03,708 - ERROR - Error processing message: 'Server' object has no attribute 'clients'
2025-05-26 13:26:03,709 - ERROR - Error processing message: 'Server' object has no attribute 'clients'
2025-05-26 13:26:03,709 - ERROR - Error processing message: 'Server' object has no attribute 'clients'
2025-05-26 13:26:03,709 - ERROR - Error processing message: 'Server' object has no attribute 'clients'
2025-05-26 13:26:03,710 - ERROR - Error processing message: 'Server' object has no attribute 'clients'
2025-05-26 13:26:03,710 - ERROR - Error processing message: 'Server' object has no attribute 'clients'
2025-05-26 13:26:03,711 - ERROR - Error processing message: 'Server' object has no attribute 'clients'
2025-05-26 13:26:03,711 - ERROR - Error processing message: 'Server' object has no attribute 'clients'
2025-05-26 13:26:03,711 - ERROR - Error processing message: 'Server' object has no attribute 'clients'
2025-05-26 13:26:03,712 - ERROR - Error processing message: 'Server' object has no attribute 'clients'
2025-05-26 13:26:03,712 - ERROR - Error processing message: 'Server' object has no attribute 'clients'
2025-05-26 13:26:03,713 - ERROR - Error processing message: 'Server' object has no attribute 'clients'
2025-05-26 13:26:03,713 - ERROR - Error processing message: 'Server' object has no attribute 'clients'
2025-05-26 13:26:03,713 - ERROR - Error processing message: 'Server' object has no attribute 'clients'
2025-05-26 13:26:03,714 - ERROR - Error processing message: 'Server' object has no attribute 'clients'
2025-05-26 13:26:03,714 - ERROR - Error processing message: 'Server' object has no attribute 'clients'
2025-05-26 13:26:03,714 - ERROR - Error processing message: 'Server' object has no attribute 'clients'
2025-05-26 13:26:03,715 - ERROR - Error processing message: 'Server' object has no attribute 'clients'
2025-05-26 13:26:03,715 - ERROR - Error processing message: 'Server' object has no attribute 'clients'
2025-05-26 13:26:03,716 - ERROR - Error processing message: 'Server' object has no attribute 'clients'
2025-05-26 13:26:03,716 - ERROR - Error processing message: 'Server' object has no attribute 'clients'
2025-05-26 13:26:03,716 - ERROR - Error processing message: 'Server' object has no attribute 'clients'
2025-05-26 13:26:03,717 - ERROR - Error processing message: 'Server' object has no attribute 'clients'
2025-05-26 13:26:03,717 - ERROR - Error processing message: 'Server' object has no attribute 'clients'
2025-05-26 13:26:03,717 - ERROR - Error processing message: 'Server' object has no attribute 'clients'
2025-05-26 13:26:03,718 - ERROR - Error processing message: 'Server' object has no attribute 'clients'
2025-05-26 13:26:03,718 - ERROR - Error processing message: 'Server' object has no attribute 'clients'
2025-05-26 13:26:03,718 - ERROR - Error processing message: 'Server' object has no attribute 'clients'
2025-05-26 13:26:03,719 - ERROR - Error processing message: 'Server' object has no attribute 'clients'
2025-05-26 13:26:03,720 - ERROR - Error processing message: 'Server' object has no attribute 'clients'
2025-05-26 13:26:03,720 - ERROR - Error processing message: 'Server' object has no attribute 'clients'
2025-05-26 13:26:03,720 - ERROR - Error processing message: 'Server' object has no attribute 'clients'
2025-05-26 13:26:03,720 - ERROR - Error processing message: 'Server' object has no attribute 'clients'
2025-05-26 13:26:03,721 - ERROR - Error processing message: 'Server' object has no attribute 'clients'
2025-05-26 13:26:03,722 - ERROR - Error processing message: 'Server' object has no attribute 'clients'
2025-05-26 13:26:03,722 - ERROR - Error processing message: 'Server' object has no attribute 'clients'
2025-05-26 13:26:03,722 - ERROR - Error processing message: 'Server' object has no attribute 'clients'
2025-05-26 13:26:03,723 - ERROR - Error processing message: 'Server' object has no attribute 'clients'
2025-05-26 13:26:03,723 - ERROR - Error processing message: 'Server' object has no attribute 'clients'
2025-05-26 13:26:03,724 - ERROR - Error processing message: 'Server' object has no attribute 'clients'
2025-05-26 13:26:03,724 - ERROR - Error processing message: 'Server' object has no attribute 'clients'
2025-05-26 13:26:03,724 - ERROR - Error processing message: 'Server' object has no attribute 'clients'
2025-05-26 13:26:03,725 - ERROR - Error processing message: 'Server' object has no attribute 'clients'
2025-05-26 13:26:03,725 - ERROR - Error processing message: 'Server' object has no attribute 'clients'
2025-05-26 13:26:03,726 - ERROR - Error processing message: 'Server' object has no attribute 'clients'
2025-05-26 13:26:03,726 - ERROR - Error processing message: 'Server' object has no attribute 'clients'
2025-05-26 13:26:03,726 - ERROR - Error processing message: 'Server' object has no attribute 'clients'
2025-05-26 13:26:03,727 - ERROR - Error processing message: 'Server' object has no attribute 'clients'
2025-05-26 13:26:03,727 - ERROR - Error processing message: 'Server' object has no attribute 'clients'
2025-05-26 13:26:03,728 - ERROR - Error processing message: 'Server' object has no attribute 'clients'
2025-05-26 13:26:03,728 - ERROR - Error processing message: 'Server' object has no attribute 'clients'
2025-05-26 13:26:03,728 - ERROR - Error processing message: 'Server' object has no attribute 'clients'
2025-05-26 13:26:03,729 - ERROR - Error processing message: 'Server' object has no attribute 'clients'
2025-05-26 13:26:03,729 - ERROR - Error processing message: 'Server' object has no attribute 'clients'
2025-05-26 13:26:03,730 - ERROR - Error processing message: 'Server' object has no attribute 'clients'
2025-05-26 13:26:03,730 - ERROR - Error processing message: 'Server' object has no attribute 'clients'
2025-05-26 13:26:03,731 - ERROR - Error processing message: 'Server' object has no attribute 'clients'
2025-05-26 13:26:03,731 - ERROR - Error processing message: 'Server' object has no attribute 'clients'
2025-05-26 13:26:03,731 - ERROR - Error processing message: 'Server' object has no attribute 'clients'
2025-05-26 13:26:03,732 - ERROR - Error processing message: 'Server' object has no attribute 'clients'
2025-05-26 13:26:03,732 - ERROR - Error processing message: 'Server' object has no attribute 'clients'
2025-05-26 13:26:03,733 - ERROR - Error processing message: 'Server' object has no attribute 'clients'
2025-05-26 13:26:03,733 - ERROR - Error processing message: 'Server' object has no attribute 'clients'
2025-05-26 13:26:03,733 - ERROR - Error processing message: 'Server' object has no attribute 'clients'
2025-05-26 13:26:03,734 - ERROR - Error processing message: 'Server' object has no attribute 'clients'
2025-05-26 13:26:03,734 - ERROR - Error processing message: 'Server' object has no attribute 'clients'
2025-05-26 13:26:03,735 - ERROR - Error processing message: 'Server' object has no attribute 'clients'
2025-05-26 13:26:03,735 - ERROR - Error processing message: 'Server' object has no attribute 'clients'
2025-05-26 13:26:03,735 - ERROR - Error processing message: 'Server' object has no attribute 'clients'
2025-05-26 13:26:03,735 - ERROR - Error processing message: 'Server' object has no attribute 'clients'
2025-05-26 13:26:04,435 - ERROR - Error processing message: 'Server' object has no attribute 'clients'
2025-05-26 13:26:04,936 - ERROR - Error processing message: 'Server' object has no attribute 'clients'
2025-05-26 13:26:06,439 - ERROR - Error processing message: 'Server' object has no attribute 'clients'
2025-05-26 13:26:06,940 - ERROR - Error processing message: 'Server' object has no attribute 'clients'
2025-05-26 13:26:08,443 - ERROR - Error processing message: 'Server' object has no attribute 'clients'
2025-05-26 13:26:08,944 - ERROR - Error processing message: 'Server' object has no attribute 'clients'
2025-05-26 13:26:10,447 - ERROR - Error processing message: 'Server' object has no attribute 'clients'
2025-05-26 13:26:10,948 - ERROR - Error processing message: 'Server' object has no attribute 'clients'
2025-05-26 13:30:57,177 - INFO - server listening on 0.0.0.0:8765
2025-05-26 13:30:57,177 - INFO - WebSocket server started on ws://localhost:8765
2025-05-26 13:30:58,293 - INFO - connection open
2025-05-26 13:30:58,294 - INFO - Client connected
2025-05-26 13:30:58,296 - INFO - Broadcasted parsed GPS data: {'timestamp': '2025-05-26 06:56:12.898772', 'device_id': '10000000e5ab9cbe', 'top_gps': {'latitude': 16.8166427, 'longitude': 96.1927985, 'altitude': 31.146, 'speed': 0.28, 'satellites': 0}, 'bottom_gps': {'latitude': None, 'longitude': None, 'altitude': None, 'speed': None, 'satellites': 0}}
2025-05-26 13:30:58,298 - INFO - Broadcasted parsed GPS data: {'timestamp': '2025-05-26 06:56:14.400765', 'device_id': '10000000e5ab9cbe', 'top_gps': {'latitude': 16.8166427, 'longitude': 96.1927985, 'altitude': 31.146, 'speed': 0.28, 'satellites': 0}, 'bottom_gps': {'latitude': None, 'longitude': None, 'altitude': None, 'speed': None, 'satellites': 0}}
2025-05-26 13:30:58,298 - INFO - Broadcasted parsed GPS data: {'timestamp': '2025-05-26 06:56:14.905545', 'device_id': '10000000e5ab9cbe', 'top_gps': {'latitude': 16.8166451, 'longitude': 96.1927961, 'altitude': 30.562, 'speed': 0.31, 'satellites': 0}, 'bottom_gps': {'latitude': None, 'longitude': None, 'altitude': None, 'speed': None, 'satellites': 0}}
2025-05-26 13:30:58,299 - INFO - Broadcasted parsed GPS data: {'timestamp': '2025-05-26 06:56:16.407286', 'device_id': '10000000e5ab9cbe', 'top_gps': {'latitude': 16.8166451, 'longitude': 96.1927961, 'altitude': 30.562, 'speed': 0.31, 'satellites': 0}, 'bottom_gps': {'latitude': None, 'longitude': None, 'altitude': None, 'speed': None, 'satellites': 0}}
2025-05-26 13:30:58,300 - INFO - Broadcasted parsed GPS data: {'timestamp': '2025-05-26 06:56:16.908262', 'device_id': '10000000e5ab9cbe', 'top_gps': {'latitude': 16.8166471, 'longitude': 96.1927944, 'altitude': 30.098, 'speed': 0.45, 'satellites': 0}, 'bottom_gps': {'latitude': None, 'longitude': None, 'altitude': None, 'speed': None, 'satellites': 0}}
2025-05-26 13:30:58,301 - INFO - Broadcasted parsed GPS data: {'timestamp': '2025-05-26 06:56:18.410759', 'device_id': '10000000e5ab9cbe', 'top_gps': {'latitude': 16.8166471, 'longitude': 96.1927944, 'altitude': 30.098, 'speed': 0.45, 'satellites': 0}, 'bottom_gps': {'latitude': None, 'longitude': None, 'altitude': None, 'speed': None, 'satellites': 0}}
2025-05-26 13:30:58,302 - INFO - Broadcasted parsed GPS data: {'timestamp': '2025-05-26 06:56:18.912692', 'device_id': '10000000e5ab9cbe', 'top_gps': {'latitude': 16.8166487, 'longitude': 96.1927923, 'altitude': 29.548, 'speed': 0.23, 'satellites': 0}, 'bottom_gps': {'latitude': None, 'longitude': None, 'altitude': None, 'speed': None, 'satellites': 0}}
2025-05-26 13:30:58,302 - INFO - Broadcasted parsed GPS data: {'timestamp': '2025-05-26 06:56:20.416560', 'device_id': '10000000e5ab9cbe', 'top_gps': {'latitude': 16.8166487, 'longitude': 96.1927923, 'altitude': 29.548, 'speed': 0.23, 'satellites': 0}, 'bottom_gps': {'latitude': None, 'longitude': None, 'altitude': None, 'speed': None, 'satellites': 0}}
2025-05-26 13:30:58,303 - INFO - Broadcasted parsed GPS data: {'timestamp': '2025-05-26 06:56:20.918665', 'device_id': '10000000e5ab9cbe', 'top_gps': {'latitude': 16.8166503, 'longitude': 96.1927896, 'altitude': 28.839, 'speed': 0.14, 'satellites': 0}, 'bottom_gps': {'latitude': None, 'longitude': None, 'altitude': None, 'speed': None, 'satellites': 0}}
2025-05-26 13:30:58,304 - INFO - Broadcasted parsed GPS data: {'timestamp': '2025-05-26 06:56:22.422506', 'device_id': '10000000e5ab9cbe', 'top_gps': {'latitude': 16.8166503, 'longitude': 96.1927896, 'altitude': 28.839, 'speed': 0.14, 'satellites': 0}, 'bottom_gps': {'latitude': None, 'longitude': None, 'altitude': None, 'speed': None, 'satellites': 0}}
2025-05-26 13:30:58,304 - INFO - Broadcasted parsed GPS data: {'timestamp': '2025-05-26 06:56:22.924500', 'device_id': '10000000e5ab9cbe', 'top_gps': {'latitude': 16.8166484, 'longitude': 96.1927883, 'altitude': 28.757, 'speed': 0.55, 'satellites': 0}, 'bottom_gps': {'latitude': None, 'longitude': None, 'altitude': None, 'speed': None, 'satellites': 0}}
2025-05-26 13:30:58,305 - INFO - Broadcasted parsed GPS data: {'timestamp': '2025-05-26 06:56:24.429701', 'device_id': '10000000e5ab9cbe', 'top_gps': {'latitude': 16.8166484, 'longitude': 96.1927883, 'altitude': 28.757, 'speed': 0.55, 'satellites': 0}, 'bottom_gps': {'latitude': None, 'longitude': None, 'altitude': None, 'speed': None, 'satellites': 0}}
2025-05-26 13:30:58,306 - INFO - Broadcasted parsed GPS data: {'timestamp': '2025-05-26 06:56:24.931883', 'device_id': '10000000e5ab9cbe', 'top_gps': {'latitude': 16.816649, 'longitude': 96.192788, 'altitude': 28.162, 'speed': 0.6, 'satellites': 0}, 'bottom_gps': {'latitude': None, 'longitude': None, 'altitude': None, 'speed': None, 'satellites': 0}}
2025-05-26 13:30:58,307 - INFO - Broadcasted parsed GPS data: {'timestamp': '2025-05-26 06:56:26.440081', 'device_id': '10000000e5ab9cbe', 'top_gps': {'latitude': 16.816649, 'longitude': 96.192788, 'altitude': 28.162, 'speed': 0.6, 'satellites': 0}, 'bottom_gps': {'latitude': None, 'longitude': None, 'altitude': None, 'speed': None, 'satellites': 0}}
2025-05-26 13:30:58,307 - INFO - Broadcasted parsed GPS data: {'timestamp': '2025-05-26 06:56:26.942348', 'device_id': '10000000e5ab9cbe', 'top_gps': {'latitude': 16.8166508, 'longitude': 96.1927842, 'altitude': 27.216, 'speed': 0.18, 'satellites': 0}, 'bottom_gps': {'latitude': None, 'longitude': None, 'altitude': None, 'speed': None, 'satellites': 0}}
2025-05-26 13:30:58,308 - INFO - Broadcasted parsed GPS data: {'timestamp': '2025-05-26 06:56:28.446400', 'device_id': '10000000e5ab9cbe', 'top_gps': {'latitude': 16.8166508, 'longitude': 96.1927842, 'altitude': 27.216, 'speed': 0.18, 'satellites': 0}, 'bottom_gps': {'latitude': None, 'longitude': None, 'altitude': None, 'speed': None, 'satellites': 0}}
2025-05-26 13:30:58,308 - INFO - Broadcasted parsed GPS data: {'timestamp': '2025-05-26 06:56:28.948383', 'device_id': '10000000e5ab9cbe', 'top_gps': {'latitude': 16.8166515, 'longitude': 96.1927835, 'altitude': 26.691, 'speed': 0.65, 'satellites': 0}, 'bottom_gps': {'latitude': None, 'longitude': None, 'altitude': None, 'speed': None, 'satellites': 0}}
2025-05-26 13:30:58,309 - INFO - Broadcasted parsed GPS data: {'timestamp': '2025-05-26 06:56:30.450893', 'device_id': '10000000e5ab9cbe', 'top_gps': {'latitude': 16.8166515, 'longitude': 96.1927835, 'altitude': 26.691, 'speed': 0.65, 'satellites': 0}, 'bottom_gps': {'latitude': None, 'longitude': None, 'altitude': None, 'speed': None, 'satellites': 0}}
2025-05-26 13:30:58,309 - INFO - Broadcasted parsed GPS data: {'timestamp': '2025-05-26 06:56:30.954578', 'device_id': '10000000e5ab9cbe', 'top_gps': {'latitude': 16.8166537, 'longitude': 96.1927816, 'altitude': 25.704, 'speed': 0.27, 'satellites': 0}, 'bottom_gps': {'latitude': None, 'longitude': None, 'altitude': None, 'speed': None, 'satellites': 0}}
2025-05-26 13:30:58,310 - INFO - Broadcasted parsed GPS data: {'timestamp': '2025-05-26 06:56:32.456792', 'device_id': '10000000e5ab9cbe', 'top_gps': {'latitude': 16.8166537, 'longitude': 96.1927816, 'altitude': 25.704, 'speed': 0.27, 'satellites': 0}, 'bottom_gps': {'latitude': None, 'longitude': None, 'altitude': None, 'speed': None, 'satellites': 0}}
2025-05-26 13:30:58,310 - INFO - Broadcasted parsed GPS data: {'timestamp': '2025-05-26 06:56:32.957823', 'device_id': '10000000e5ab9cbe', 'top_gps': {'latitude': 16.8166553, 'longitude': 96.1927808, 'altitude': 25.043, 'speed': 0.41, 'satellites': 0}, 'bottom_gps': {'latitude': None, 'longitude': None, 'altitude': None, 'speed': None, 'satellites': 0}}
2025-05-26 13:30:58,311 - INFO - Broadcasted parsed GPS data: {'timestamp': '2025-05-26 06:56:34.460571', 'device_id': '10000000e5ab9cbe', 'top_gps': {'latitude': 16.8166553, 'longitude': 96.1927808, 'altitude': 25.043, 'speed': 0.41, 'satellites': 0}, 'bottom_gps': {'latitude': None, 'longitude': None, 'altitude': None, 'speed': None, 'satellites': 0}}
2025-05-26 13:30:58,311 - INFO - Broadcasted parsed GPS data: {'timestamp': '2025-05-26 06:56:34.962635', 'device_id': '10000000e5ab9cbe', 'top_gps': {'latitude': 16.8166569, 'longitude': 96.1927802, 'altitude': 24.239, 'speed': 0.49, 'satellites': 0}, 'bottom_gps': {'latitude': None, 'longitude': None, 'altitude': None, 'speed': None, 'satellites': 0}}
2025-05-26 13:30:58,313 - INFO - Broadcasted parsed GPS data: {'timestamp': '2025-05-26 06:56:36.467376', 'device_id': '10000000e5ab9cbe', 'top_gps': {'latitude': 16.8166569, 'longitude': 96.1927802, 'altitude': 24.239, 'speed': 0.49, 'satellites': 0}, 'bottom_gps': {'latitude': None, 'longitude': None, 'altitude': None, 'speed': None, 'satellites': 0}}
2025-05-26 13:30:58,313 - INFO - Broadcasted parsed GPS data: {'timestamp': '2025-05-26 06:56:36.969387', 'device_id': '10000000e5ab9cbe', 'top_gps': {'latitude': 16.8166563, 'longitude': 96.1927804, 'altitude': 24.296, 'speed': 0.67, 'satellites': 0}, 'bottom_gps': {'latitude': None, 'longitude': None, 'altitude': None, 'speed': None, 'satellites': 0}}
2025-05-26 13:30:58,314 - INFO - Broadcasted parsed GPS data: {'timestamp': '2025-05-26 06:56:38.474526', 'device_id': '10000000e5ab9cbe', 'top_gps': {'latitude': 16.8166563, 'longitude': 96.1927804, 'altitude': 24.296, 'speed': 0.67, 'satellites': 0}, 'bottom_gps': {'latitude': None, 'longitude': None, 'altitude': None, 'speed': None, 'satellites': 0}}
2025-05-26 13:30:58,315 - INFO - Broadcasted parsed GPS data: {'timestamp': '2025-05-26 06:56:38.976576', 'device_id': '10000000e5ab9cbe', 'top_gps': {'latitude': 16.8166576, 'longitude': 96.1927789, 'altitude': 24.258, 'speed': 0.59, 'satellites': 0}, 'bottom_gps': {'latitude': None, 'longitude': None, 'altitude': None, 'speed': None, 'satellites': 0}}
2025-05-26 13:30:58,315 - INFO - Broadcasted parsed GPS data: {'timestamp': '2025-05-26 06:56:40.480405', 'device_id': '10000000e5ab9cbe', 'top_gps': {'latitude': 16.8166576, 'longitude': 96.1927789, 'altitude': 24.258, 'speed': 0.59, 'satellites': 0}, 'bottom_gps': {'latitude': None, 'longitude': None, 'altitude': None, 'speed': None, 'satellites': 0}}
2025-05-26 13:30:58,316 - INFO - Broadcasted parsed GPS data: {'timestamp': '2025-05-26 06:56:40.982514', 'device_id': '10000000e5ab9cbe', 'top_gps': {'latitude': 16.8166573, 'longitude': 96.1927792, 'altitude': 24.337, 'speed': 0.55, 'satellites': 0}, 'bottom_gps': {'latitude': None, 'longitude': None, 'altitude': None, 'speed': None, 'satellites': 0}}
2025-05-26 13:30:58,316 - INFO - Broadcasted parsed GPS data: {'timestamp': '2025-05-26 06:56:42.486474', 'device_id': '10000000e5ab9cbe', 'top_gps': {'latitude': 16.8166573, 'longitude': 96.1927792, 'altitude': 24.337, 'speed': 0.55, 'satellites': 0}, 'bottom_gps': {'latitude': None, 'longitude': None, 'altitude': None, 'speed': None, 'satellites': 0}}
2025-05-26 13:30:58,317 - INFO - Broadcasted parsed GPS data: {'timestamp': '2025-05-26 06:56:42.988565', 'device_id': '10000000e5ab9cbe', 'top_gps': {'latitude': 16.8166579, 'longitude': 96.1927791, 'altitude': 24.428, 'speed': 0.05, 'satellites': 0}, 'bottom_gps': {'latitude': None, 'longitude': None, 'altitude': None, 'speed': None, 'satellites': 0}}
2025-05-26 13:30:58,317 - INFO - Broadcasted parsed GPS data: {'timestamp': '2025-05-26 06:56:44.492315', 'device_id': '10000000e5ab9cbe', 'top_gps': {'latitude': 16.8166579, 'longitude': 96.1927791, 'altitude': 24.428, 'speed': 0.05, 'satellites': 0}, 'bottom_gps': {'latitude': None, 'longitude': None, 'altitude': None, 'speed': None, 'satellites': 0}}
2025-05-26 13:30:58,318 - INFO - Broadcasted parsed GPS data: {'timestamp': '2025-05-26 06:56:44.993491', 'device_id': '10000000e5ab9cbe', 'top_gps': {'latitude': 16.8166605, 'longitude': 96.1927782, 'altitude': 23.958, 'speed': 0.58, 'satellites': 0}, 'bottom_gps': {'latitude': None, 'longitude': None, 'altitude': None, 'speed': None, 'satellites': 0}}
2025-05-26 13:30:58,318 - INFO - Broadcasted parsed GPS data: {'timestamp': '2025-05-26 06:56:46.495590', 'device_id': '10000000e5ab9cbe', 'top_gps': {'latitude': 16.8166605, 'longitude': 96.1927782, 'altitude': 23.958, 'speed': 0.58, 'satellites': 0}, 'bottom_gps': {'latitude': None, 'longitude': None, 'altitude': None, 'speed': None, 'satellites': 0}}
2025-05-26 13:30:58,319 - INFO - Broadcasted parsed GPS data: {'timestamp': '2025-05-26 06:56:46.996650', 'device_id': '10000000e5ab9cbe', 'top_gps': {'latitude': 16.8166612, 'longitude': 96.1927782, 'altitude': 23.921, 'speed': 0.1, 'satellites': 0}, 'bottom_gps': {'latitude': None, 'longitude': None, 'altitude': None, 'speed': None, 'satellites': 0}}
2025-05-26 13:30:58,320 - INFO - Broadcasted parsed GPS data: {'timestamp': '2025-05-26 06:56:48.498631', 'device_id': '10000000e5ab9cbe', 'top_gps': {'latitude': 16.8166612, 'longitude': 96.1927782, 'altitude': 23.921, 'speed': 0.1, 'satellites': 0}, 'bottom_gps': {'latitude': None, 'longitude': None, 'altitude': None, 'speed': None, 'satellites': 0}}
2025-05-26 13:30:58,320 - INFO - Broadcasted parsed GPS data: {'timestamp': '2025-05-26 06:56:48.999949', 'device_id': '10000000e5ab9cbe', 'top_gps': {'latitude': 16.8166621, 'longitude': 96.1927774, 'altitude': 23.665, 'speed': 0.19, 'satellites': 0}, 'bottom_gps': {'latitude': None, 'longitude': None, 'altitude': None, 'speed': None, 'satellites': 0}}
2025-05-26 13:30:58,321 - INFO - Broadcasted parsed GPS data: {'timestamp': '2025-05-26 06:56:50.504088', 'device_id': '10000000e5ab9cbe', 'top_gps': {'latitude': 16.8166621, 'longitude': 96.1927774, 'altitude': 23.665, 'speed': 0.19, 'satellites': 0}, 'bottom_gps': {'latitude': None, 'longitude': None, 'altitude': None, 'speed': None, 'satellites': 0}}
2025-05-26 13:30:58,321 - INFO - Broadcasted parsed GPS data: {'timestamp': '2025-05-26 06:56:51.006116', 'device_id': '10000000e5ab9cbe', 'top_gps': {'latitude': 16.816663, 'longitude': 96.192777, 'altitude': 23.526, 'speed': 0.24, 'satellites': 0}, 'bottom_gps': {'latitude': None, 'longitude': None, 'altitude': None, 'speed': None, 'satellites': 0}}
2025-05-26 13:30:58,322 - INFO - Broadcasted parsed GPS data: {'timestamp': '2025-05-26 06:56:52.510240', 'device_id': '10000000e5ab9cbe', 'top_gps': {'latitude': 16.816663, 'longitude': 96.192777, 'altitude': 23.526, 'speed': 0.24, 'satellites': 0}, 'bottom_gps': {'latitude': None, 'longitude': None, 'altitude': None, 'speed': None, 'satellites': 0}}
2025-05-26 13:30:58,322 - INFO - Broadcasted parsed GPS data: {'timestamp': '2025-05-26 06:56:53.012416', 'device_id': '10000000e5ab9cbe', 'top_gps': {'latitude': 16.8166642, 'longitude': 96.1927757, 'altitude': 23.03, 'speed': 0.37, 'satellites': 0}, 'bottom_gps': {'latitude': None, 'longitude': None, 'altitude': None, 'speed': None, 'satellites': 0}}
2025-05-26 13:30:58,323 - INFO - Broadcasted parsed GPS data: {'timestamp': '2025-05-26 06:56:54.516478', 'device_id': '10000000e5ab9cbe', 'top_gps': {'latitude': 16.8166642, 'longitude': 96.1927757, 'altitude': 23.03, 'speed': 0.37, 'satellites': 0}, 'bottom_gps': {'latitude': None, 'longitude': None, 'altitude': None, 'speed': None, 'satellites': 0}}
2025-05-26 13:30:58,324 - INFO - Broadcasted parsed GPS data: {'timestamp': '2025-05-26 06:56:55.018679', 'device_id': '10000000e5ab9cbe', 'top_gps': {'latitude': 16.8166636, 'longitude': 96.1927763, 'altitude': 22.945, 'speed': 0.48, 'satellites': 0}, 'bottom_gps': {'latitude': None, 'longitude': None, 'altitude': None, 'speed': None, 'satellites': 0}}
2025-05-26 13:30:58,325 - INFO - Broadcasted parsed GPS data: {'timestamp': '2025-05-26 06:56:56.522753', 'device_id': '10000000e5ab9cbe', 'top_gps': {'latitude': 16.8166636, 'longitude': 96.1927763, 'altitude': 22.945, 'speed': 0.48, 'satellites': 0}, 'bottom_gps': {'latitude': None, 'longitude': None, 'altitude': None, 'speed': None, 'satellites': 0}}
2025-05-26 13:30:58,326 - INFO - Broadcasted parsed GPS data: {'timestamp': '2025-05-26 06:56:57.024845', 'device_id': '10000000e5ab9cbe', 'top_gps': {'latitude': 16.8166634, 'longitude': 96.1927778, 'altitude': 22.904, 'speed': 0.18, 'satellites': 0}, 'bottom_gps': {'latitude': None, 'longitude': None, 'altitude': None, 'speed': None, 'satellites': 0}}
2025-05-26 13:30:58,326 - INFO - Broadcasted parsed GPS data: {'timestamp': '2025-05-26 06:56:58.534571', 'device_id': '10000000e5ab9cbe', 'top_gps': {'latitude': 16.8166634, 'longitude': 96.1927778, 'altitude': 22.904, 'speed': 0.18, 'satellites': 0}, 'bottom_gps': {'latitude': None, 'longitude': None, 'altitude': None, 'speed': None, 'satellites': 0}}
2025-05-26 13:30:58,327 - INFO - Broadcasted parsed GPS data: {'timestamp': '2025-05-26 06:56:59.036617', 'device_id': '10000000e5ab9cbe', 'top_gps': {'latitude': 16.8166639, 'longitude': 96.1927795, 'altitude': 23.27, 'speed': 0.81, 'satellites': 0}, 'bottom_gps': {'latitude': None, 'longitude': None, 'altitude': None, 'speed': None, 'satellites': 0}}
2025-05-26 13:30:58,327 - INFO - Broadcasted parsed GPS data: {'timestamp': '2025-05-26 06:57:00.540604', 'device_id': '10000000e5ab9cbe', 'top_gps': {'latitude': 16.8166639, 'longitude': 96.1927795, 'altitude': 23.27, 'speed': 0.81, 'satellites': 0}, 'bottom_gps': {'latitude': None, 'longitude': None, 'altitude': None, 'speed': None, 'satellites': 0}}
2025-05-26 13:30:58,328 - INFO - Broadcasted parsed GPS data: {'timestamp': '2025-05-26 06:57:01.042946', 'device_id': '10000000e5ab9cbe', 'top_gps': {'latitude': 16.8166639, 'longitude': 96.1927803, 'altitude': 23.422, 'speed': 0.26, 'satellites': 0}, 'bottom_gps': {'latitude': None, 'longitude': None, 'altitude': None, 'speed': None, 'satellites': 0}}
2025-05-26 13:30:58,328 - INFO - Broadcasted parsed GPS data: {'timestamp': '2025-05-26 06:57:02.546535', 'device_id': '10000000e5ab9cbe', 'top_gps': {'latitude': 16.8166639, 'longitude': 96.1927803, 'altitude': 23.422, 'speed': 0.26, 'satellites': 0}, 'bottom_gps': {'latitude': None, 'longitude': None, 'altitude': None, 'speed': None, 'satellites': 0}}
2025-05-26 13:30:58,329 - INFO - Broadcasted parsed GPS data: {'timestamp': '2025-05-26 06:57:03.047608', 'device_id': '10000000e5ab9cbe', 'top_gps': {'latitude': 16.8166647, 'longitude': 96.1927802, 'altitude': 23.242, 'speed': 0.14, 'satellites': 0}, 'bottom_gps': {'latitude': None, 'longitude': None, 'altitude': None, 'speed': None, 'satellites': 0}}
2025-05-26 13:30:58,329 - INFO - Broadcasted parsed GPS data: {'timestamp': '2025-05-26 06:57:04.549487', 'device_id': '10000000e5ab9cbe', 'top_gps': {'latitude': 16.8166647, 'longitude': 96.1927802, 'altitude': 23.242, 'speed': 0.14, 'satellites': 0}, 'bottom_gps': {'latitude': None, 'longitude': None, 'altitude': None, 'speed': None, 'satellites': 0}}
2025-05-26 13:30:58,330 - INFO - Broadcasted parsed GPS data: {'timestamp': '2025-05-26 06:57:05.050567', 'device_id': '10000000e5ab9cbe', 'top_gps': {'latitude': 16.8166638, 'longitude': 96.192781, 'altitude': 23.132, 'speed': 0.6, 'satellites': 0}, 'bottom_gps': {'latitude': None, 'longitude': None, 'altitude': None, 'speed': None, 'satellites': 0}}
2025-05-26 13:30:58,331 - INFO - Broadcasted parsed GPS data: {'timestamp': '2025-05-26 06:57:06.552319', 'device_id': '10000000e5ab9cbe', 'top_gps': {'latitude': 16.8166638, 'longitude': 96.192781, 'altitude': 23.132, 'speed': 0.6, 'satellites': 0}, 'bottom_gps': {'latitude': None, 'longitude': None, 'altitude': None, 'speed': None, 'satellites': 0}}
2025-05-26 13:30:58,331 - INFO - Broadcasted parsed GPS data: {'timestamp': '2025-05-26 06:57:07.053602', 'device_id': '10000000e5ab9cbe', 'top_gps': {'latitude': 16.8166643, 'longitude': 96.1927809, 'altitude': 22.907, 'speed': 0.32, 'satellites': 0}, 'bottom_gps': {'latitude': None, 'longitude': None, 'altitude': None, 'speed': None, 'satellites': 0}}
2025-05-26 13:30:58,332 - INFO - Broadcasted parsed GPS data: {'timestamp': '2025-05-26 06:57:08.557861', 'device_id': '10000000e5ab9cbe', 'top_gps': {'latitude': 16.8166643, 'longitude': 96.1927809, 'altitude': 22.907, 'speed': 0.32, 'satellites': 0}, 'bottom_gps': {'latitude': None, 'longitude': None, 'altitude': None, 'speed': None, 'satellites': 0}}
2025-05-26 13:30:58,332 - INFO - Broadcasted parsed GPS data: {'timestamp': '2025-05-26 06:57:09.060099', 'device_id': '10000000e5ab9cbe', 'top_gps': {'latitude': 16.8166657, 'longitude': 96.1927797, 'altitude': 22.709, 'speed': 1.02, 'satellites': 0}, 'bottom_gps': {'latitude': None, 'longitude': None, 'altitude': None, 'speed': None, 'satellites': 0}}
2025-05-26 13:30:58,333 - INFO - Broadcasted parsed GPS data: {'timestamp': '2025-05-26 06:57:10.564246', 'device_id': '10000000e5ab9cbe', 'top_gps': {'latitude': 16.8166657, 'longitude': 96.1927797, 'altitude': 22.709, 'speed': 1.02, 'satellites': 0}, 'bottom_gps': {'latitude': None, 'longitude': None, 'altitude': None, 'speed': None, 'satellites': 0}}
2025-05-26 13:30:58,333 - INFO - Broadcasted parsed GPS data: {'timestamp': '2025-05-26 06:57:11.066389', 'device_id': '10000000e5ab9cbe', 'top_gps': {'latitude': 16.8166663, 'longitude': 96.1927811, 'altitude': 22.71, 'speed': 0.33, 'satellites': 0}, 'bottom_gps': {'latitude': None, 'longitude': None, 'altitude': None, 'speed': None, 'satellites': 0}}
2025-05-26 13:30:58,334 - INFO - Broadcasted parsed GPS data: {'timestamp': '2025-05-26 06:57:12.569908', 'device_id': '10000000e5ab9cbe', 'top_gps': {'latitude': 16.8166663, 'longitude': 96.1927811, 'altitude': 22.71, 'speed': 0.33, 'satellites': 0}, 'bottom_gps': {'latitude': None, 'longitude': None, 'altitude': None, 'speed': None, 'satellites': 0}}
2025-05-26 13:30:58,334 - INFO - Broadcasted parsed GPS data: {'timestamp': '2025-05-26 06:57:13.071060', 'device_id': '10000000e5ab9cbe', 'top_gps': {'latitude': 16.816667, 'longitude': 96.1927826, 'altitude': 22.934, 'speed': 0.7, 'satellites': 0}, 'bottom_gps': {'latitude': None, 'longitude': None, 'altitude': None, 'speed': None, 'satellites': 0}}
2025-05-26 13:30:58,335 - INFO - Broadcasted parsed GPS data: {'timestamp': '2025-05-26 06:57:14.572991', 'device_id': '10000000e5ab9cbe', 'top_gps': {'latitude': 16.816667, 'longitude': 96.1927826, 'altitude': 22.934, 'speed': 0.7, 'satellites': 0}, 'bottom_gps': {'latitude': None, 'longitude': None, 'altitude': None, 'speed': None, 'satellites': 0}}
2025-05-26 13:30:58,336 - INFO - Broadcasted parsed GPS data: {'timestamp': '2025-05-26 06:57:15.074051', 'device_id': '10000000e5ab9cbe', 'top_gps': {'latitude': 16.8166672, 'longitude': 96.1927845, 'altitude': 23.358, 'speed': 0.43, 'satellites': 0}, 'bottom_gps': {'latitude': None, 'longitude': None, 'altitude': None, 'speed': None, 'satellites': 0}}
2025-05-26 13:30:58,336 - INFO - Broadcasted parsed GPS data: {'timestamp': '2025-05-26 06:57:16.576031', 'device_id': '10000000e5ab9cbe', 'top_gps': {'latitude': 16.8166672, 'longitude': 96.1927845, 'altitude': 23.358, 'speed': 0.43, 'satellites': 0}, 'bottom_gps': {'latitude': None, 'longitude': None, 'altitude': None, 'speed': None, 'satellites': 0}}
2025-05-26 13:30:58,337 - INFO - Broadcasted parsed GPS data: {'timestamp': '2025-05-26 06:57:17.077333', 'device_id': '10000000e5ab9cbe', 'top_gps': {'latitude': 16.8166682, 'longitude': 96.1927845, 'altitude': 23.309, 'speed': 0.57, 'satellites': 0}, 'bottom_gps': {'latitude': None, 'longitude': None, 'altitude': None, 'speed': None, 'satellites': 0}}
2025-05-26 13:30:58,337 - INFO - Broadcasted parsed GPS data: {'timestamp': '2025-05-26 06:57:18.580174', 'device_id': '10000000e5ab9cbe', 'top_gps': {'latitude': 16.8166682, 'longitude': 96.1927845, 'altitude': 23.309, 'speed': 0.57, 'satellites': 0}, 'bottom_gps': {'latitude': None, 'longitude': None, 'altitude': None, 'speed': None, 'satellites': 0}}
2025-05-26 13:30:58,338 - INFO - Broadcasted parsed GPS data: {'timestamp': '2025-05-26 06:57:19.581570', 'device_id': '10000000e5ab9cbe', 'top_gps': {'latitude': 16.8166682, 'longitude': 96.1927845, 'altitude': 23.309, 'speed': 0.57, 'satellites': 3}, 'bottom_gps': {'latitude': None, 'longitude': None, 'altitude': None, 'speed': None, 'satellites': 3}}
2025-05-26 13:30:58,338 - INFO - Broadcasted parsed GPS data: {'timestamp': '2025-05-26 06:57:20.582911', 'device_id': '10000000e5ab9cbe', 'top_gps': {'latitude': 16.8166682, 'longitude': 96.1927845, 'altitude': 23.309, 'speed': 0.57, 'satellites': 3}, 'bottom_gps': {'latitude': None, 'longitude': None, 'altitude': None, 'speed': None, 'satellites': 3}}
2025-05-26 13:30:58,339 - INFO - Broadcasted parsed GPS data: {'timestamp': '2025-05-26 06:57:21.083973', 'device_id': '10000000e5ab9cbe', 'top_gps': {'latitude': 16.8166691, 'longitude': 96.1927853, 'altitude': 23.512, 'speed': 0.51, 'satellites': 3}, 'bottom_gps': {'latitude': None, 'longitude': None, 'altitude': None, 'speed': None, 'satellites': 3}}
2025-05-26 13:30:58,340 - INFO - Broadcasted parsed GPS data: {'timestamp': '2025-05-26 06:57:22.586436', 'device_id': '10000000e5ab9cbe', 'top_gps': {'latitude': 16.8166691, 'longitude': 96.1927853, 'altitude': 23.512, 'speed': 0.51, 'satellites': 3}, 'bottom_gps': {'latitude': None, 'longitude': None, 'altitude': None, 'speed': None, 'satellites': 3}}
2025-05-26 13:30:58,340 - INFO - Broadcasted parsed GPS data: {'timestamp': '2025-05-26 06:57:23.088459', 'device_id': '10000000e5ab9cbe', 'top_gps': {'latitude': 16.8166702, 'longitude': 96.1927856, 'altitude': 23.549, 'speed': 0.46, 'satellites': 3}, 'bottom_gps': {'latitude': None, 'longitude': None, 'altitude': None, 'speed': None, 'satellites': 3}}
2025-05-26 13:30:58,341 - INFO - Broadcasted parsed GPS data: {'timestamp': '2025-05-26 06:57:24.597718', 'device_id': '10000000e5ab9cbe', 'top_gps': {'latitude': 16.8166702, 'longitude': 96.1927856, 'altitude': 23.549, 'speed': 0.46, 'satellites': 3}, 'bottom_gps': {'latitude': None, 'longitude': None, 'altitude': None, 'speed': None, 'satellites': 3}}
2025-05-26 13:30:58,341 - INFO - Broadcasted parsed GPS data: {'timestamp': '2025-05-26 06:57:25.099823', 'device_id': '10000000e5ab9cbe', 'top_gps': {'latitude': 16.8166706, 'longitude': 96.1927854, 'altitude': 23.555, 'speed': 0.63, 'satellites': 3}, 'bottom_gps': {'latitude': None, 'longitude': None, 'altitude': None, 'speed': None, 'satellites': 3}}
2025-05-26 13:30:58,343 - INFO - Broadcasted parsed GPS data: {'timestamp': '2025-05-26 06:57:26.603723', 'device_id': '10000000e5ab9cbe', 'top_gps': {'latitude': 16.8166706, 'longitude': 96.1927854, 'altitude': 23.555, 'speed': 0.63, 'satellites': 3}, 'bottom_gps': {'latitude': None, 'longitude': None, 'altitude': None, 'speed': None, 'satellites': 3}}
2025-05-26 13:30:58,344 - INFO - Broadcasted parsed GPS data: {'timestamp': '2025-05-26 06:57:27.105716', 'device_id': '10000000e5ab9cbe', 'top_gps': {'latitude': 16.8166716, 'longitude': 96.1927855, 'altitude': 23.482, 'speed': 0.25, 'satellites': 3}, 'bottom_gps': {'latitude': None, 'longitude': None, 'altitude': None, 'speed': None, 'satellites': 3}}
2025-05-26 13:30:58,344 - INFO - Broadcasted parsed GPS data: {'timestamp': '2025-05-26 06:57:28.609601', 'device_id': '10000000e5ab9cbe', 'top_gps': {'latitude': 16.8166716, 'longitude': 96.1927855, 'altitude': 23.482, 'speed': 0.25, 'satellites': 3}, 'bottom_gps': {'latitude': None, 'longitude': None, 'altitude': None, 'speed': None, 'satellites': 3}}
2025-05-26 13:30:58,345 - INFO - Broadcasted parsed GPS data: {'timestamp': '2025-05-26 06:57:29.111667', 'device_id': '10000000e5ab9cbe', 'top_gps': {'latitude': 16.8166726, 'longitude': 96.1927854, 'altitude': 23.177, 'speed': 0.1, 'satellites': 3}, 'bottom_gps': {'latitude': None, 'longitude': None, 'altitude': None, 'speed': None, 'satellites': 3}}
2025-05-26 13:30:58,346 - INFO - Broadcasted parsed GPS data: {'timestamp': '2025-05-26 06:57:30.615444', 'device_id': '10000000e5ab9cbe', 'top_gps': {'latitude': 16.8166726, 'longitude': 96.1927854, 'altitude': 23.177, 'speed': 0.1, 'satellites': 5}, 'bottom_gps': {'latitude': None, 'longitude': None, 'altitude': None, 'speed': None, 'satellites': 5}}
2025-05-26 13:30:58,346 - INFO - Broadcasted parsed GPS data: {'timestamp': '2025-05-26 06:57:31.117448', 'device_id': '10000000e5ab9cbe', 'top_gps': {'latitude': 16.8166735, 'longitude': 96.1927849, 'altitude': 22.539, 'speed': 0.39, 'satellites': 5}, 'bottom_gps': {'latitude': None, 'longitude': None, 'altitude': None, 'speed': None, 'satellites': 5}}
2025-05-26 13:30:58,347 - INFO - Broadcasted parsed GPS data: {'timestamp': '2025-05-26 06:57:32.621212', 'device_id': '10000000e5ab9cbe', 'top_gps': {'latitude': 16.8166735, 'longitude': 96.1927849, 'altitude': 22.539, 'speed': 0.39, 'satellites': 5}, 'bottom_gps': {'latitude': None, 'longitude': None, 'altitude': None, 'speed': None, 'satellites': 5}}
2025-05-26 13:30:58,347 - INFO - Broadcasted parsed GPS data: {'timestamp': '2025-05-26 06:57:33.123273', 'device_id': '10000000e5ab9cbe', 'top_gps': {'latitude': 16.8166736, 'longitude': 96.1927861, 'altitude': 22.379, 'speed': 0.37, 'satellites': 5}, 'bottom_gps': {'latitude': None, 'longitude': None, 'altitude': None, 'speed': None, 'satellites': 5}}
2025-05-26 13:30:58,347 - INFO - Broadcasted parsed GPS data: {'timestamp': '2025-05-26 06:57:34.627059', 'device_id': '10000000e5ab9cbe', 'top_gps': {'latitude': 16.8166736, 'longitude': 96.1927861, 'altitude': 22.379, 'speed': 0.37, 'satellites': 6}, 'bottom_gps': {'latitude': None, 'longitude': None, 'altitude': None, 'speed': None, 'satellites': 6}}
2025-05-26 13:30:58,348 - INFO - Broadcasted parsed GPS data: {'timestamp': '2025-05-26 06:57:35.129072', 'device_id': '10000000e5ab9cbe', 'top_gps': {'latitude': 16.8166739, 'longitude': 96.1927864, 'altitude': 22.108, 'speed': 0.1, 'satellites': 6}, 'bottom_gps': {'latitude': None, 'longitude': None, 'altitude': None, 'speed': None, 'satellites': 6}}
2025-05-26 13:30:58,348 - INFO - Broadcasted parsed GPS data: {'timestamp': '2025-05-26 06:57:36.631865', 'device_id': '10000000e5ab9cbe', 'top_gps': {'latitude': 16.8166739, 'longitude': 96.1927864, 'altitude': 22.108, 'speed': 0.1, 'satellites': 6}, 'bottom_gps': {'latitude': None, 'longitude': None, 'altitude': None, 'speed': None, 'satellites': 6}}
2025-05-26 13:30:58,348 - INFO - Broadcasted parsed GPS data: {'timestamp': '2025-05-26 06:57:37.132874', 'device_id': '10000000e5ab9cbe', 'top_gps': {'latitude': 16.8166735, 'longitude': 96.1927871, 'altitude': 22.025, 'speed': 0.39, 'satellites': 6}, 'bottom_gps': {'latitude': None, 'longitude': None, 'altitude': None, 'speed': None, 'satellites': 6}}
2025-05-26 13:30:58,349 - INFO - Broadcasted parsed GPS data: {'timestamp': '2025-05-26 06:57:38.634814', 'device_id': '10000000e5ab9cbe', 'top_gps': {'latitude': 16.8166735, 'longitude': 96.1927871, 'altitude': 22.025, 'speed': 0.39, 'satellites': 6}, 'bottom_gps': {'latitude': 16.816589667, 'longitude': 96.192827833, 'altitude': 17.3, 'speed': 3.65, 'satellites': 6}}
2025-05-26 13:30:58,349 - INFO - Broadcasted parsed GPS data: {'timestamp': '2025-05-26 06:57:39.135799', 'device_id': '10000000e5ab9cbe', 'top_gps': {'latitude': 16.8166742, 'longitude': 96.1927864, 'altitude': 21.886, 'speed': 0.5, 'satellites': 6}, 'bottom_gps': {'latitude': 16.816589667, 'longitude': 96.192827833, 'altitude': 17.3, 'speed': 3.65, 'satellites': 6}}
2025-05-26 13:30:58,349 - INFO - Broadcasted parsed GPS data: {'timestamp': '2025-05-26 06:57:40.637774', 'device_id': '10000000e5ab9cbe', 'top_gps': {'latitude': 16.8166742, 'longitude': 96.1927864, 'altitude': 21.886, 'speed': 0.5, 'satellites': 7}, 'bottom_gps': {'latitude': 16.816596333, 'longitude': 96.192839167, 'altitude': 19.3, 'speed': 1.07, 'satellites': 7}}
2025-05-26 13:30:58,349 - INFO - Broadcasted parsed GPS data: {'timestamp': '2025-05-26 06:57:41.139879', 'device_id': '10000000e5ab9cbe', 'top_gps': {'latitude': 16.8166742, 'longitude': 96.1927857, 'altitude': 21.751, 'speed': 0.19, 'satellites': 7}, 'bottom_gps': {'latitude': 16.816596333, 'longitude': 96.192839167, 'altitude': 19.3, 'speed': 1.07, 'satellites': 7}}
2025-05-26 13:30:58,350 - INFO - Broadcasted parsed GPS data: {'timestamp': '2025-05-26 06:57:42.643736', 'device_id': '10000000e5ab9cbe', 'top_gps': {'latitude': 16.8166742, 'longitude': 96.1927857, 'altitude': 21.751, 'speed': 0.19, 'satellites': 6}, 'bottom_gps': {'latitude': 16.816604833, 'longitude': 96.192836, 'altitude': 16.5, 'speed': 2.66, 'satellites': 6}}
2025-05-26 13:30:58,350 - INFO - Broadcasted parsed GPS data: {'timestamp': '2025-05-26 06:57:43.144820', 'device_id': '10000000e5ab9cbe', 'top_gps': {'latitude': 16.8166734, 'longitude': 96.192786, 'altitude': 21.779, 'speed': 0.33, 'satellites': 6}, 'bottom_gps': {'latitude': 16.816604833, 'longitude': 96.192836, 'altitude': 16.5, 'speed': 2.66, 'satellites': 6}}
2025-05-26 13:30:58,351 - INFO - Broadcasted parsed GPS data: {'timestamp': '2025-05-26 06:57:44.646634', 'device_id': '10000000e5ab9cbe', 'top_gps': {'latitude': 16.8166734, 'longitude': 96.192786, 'altitude': 21.779, 'speed': 0.33, 'satellites': 6}, 'bottom_gps': {'latitude': 16.816617833, 'longitude': 96.1928315, 'altitude': 13.3, 'speed': 1.99, 'satellites': 6}}
2025-05-26 13:30:58,351 - INFO - Broadcasted parsed GPS data: {'timestamp': '2025-05-26 06:57:45.147664', 'device_id': '10000000e5ab9cbe', 'top_gps': {'latitude': 16.8166744, 'longitude': 96.1927842, 'altitude': 21.253, 'speed': 0.48, 'satellites': 6}, 'bottom_gps': {'latitude': 16.816617833, 'longitude': 96.1928315, 'altitude': 13.3, 'speed': 1.99, 'satellites': 6}}
2025-05-26 13:30:58,351 - INFO - Broadcasted parsed GPS data: {'timestamp': '2025-05-26 06:57:46.649413', 'device_id': '10000000e5ab9cbe', 'top_gps': {'latitude': 16.8166744, 'longitude': 96.1927842, 'altitude': 21.253, 'speed': 0.48, 'satellites': 6}, 'bottom_gps': {'latitude': 16.816625, 'longitude': 96.192832333, 'altitude': 10.6, 'speed': 1.24, 'satellites': 6}}
2025-05-26 13:30:58,352 - INFO - Broadcasted parsed GPS data: {'timestamp': '2025-05-26 06:57:47.150478', 'device_id': '10000000e5ab9cbe', 'top_gps': {'latitude': 16.8166748, 'longitude': 96.1927835, 'altitude': 21.145, 'speed': 0.28, 'satellites': 6}, 'bottom_gps': {'latitude': 16.816625, 'longitude': 96.192832333, 'altitude': 10.6, 'speed': 1.24, 'satellites': 6}}
2025-05-26 13:30:58,352 - INFO - Broadcasted parsed GPS data: {'timestamp': '2025-05-26 06:57:48.653803', 'device_id': '10000000e5ab9cbe', 'top_gps': {'latitude': 16.8166748, 'longitude': 96.1927835, 'altitude': 21.145, 'speed': 0.28, 'satellites': 6}, 'bottom_gps': {'latitude': 16.816628833, 'longitude': 96.192829167, 'altitude': 7.7, 'speed': 1.17, 'satellites': 6}}
2025-05-26 13:30:58,352 - INFO - Broadcasted parsed GPS data: {'timestamp': '2025-05-26 06:57:49.155984', 'device_id': '10000000e5ab9cbe', 'top_gps': {'latitude': 16.8166754, 'longitude': 96.1927834, 'altitude': 20.923, 'speed': 0.24, 'satellites': 6}, 'bottom_gps': {'latitude': 16.816628833, 'longitude': 96.192829167, 'altitude': 7.7, 'speed': 1.17, 'satellites': 6}}
2025-05-26 13:30:58,353 - INFO - Broadcasted parsed GPS data: {'timestamp': '2025-05-26 06:57:50.659892', 'device_id': '10000000e5ab9cbe', 'top_gps': {'latitude': 16.8166754, 'longitude': 96.1927834, 'altitude': 20.923, 'speed': 0.24, 'satellites': 5}, 'bottom_gps': {'latitude': 16.816626333, 'longitude': 96.192827667, 'altitude': 4.8, 'speed': 1.67, 'satellites': 5}}
2025-05-26 13:30:58,353 - INFO - Broadcasted parsed GPS data: {'timestamp': '2025-05-26 06:57:51.161848', 'device_id': '10000000e5ab9cbe', 'top_gps': {'latitude': 16.8166758, 'longitude': 96.192783, 'altitude': 20.675, 'speed': 0.12, 'satellites': 5}, 'bottom_gps': {'latitude': 16.816626333, 'longitude': 96.192827667, 'altitude': 4.8, 'speed': 1.67, 'satellites': 5}}
2025-05-26 13:30:58,353 - INFO - Broadcasted parsed GPS data: {'timestamp': '2025-05-26 06:57:52.665776', 'device_id': '10000000e5ab9cbe', 'top_gps': {'latitude': 16.8166758, 'longitude': 96.192783, 'altitude': 20.675, 'speed': 0.12, 'satellites': 6}, 'bottom_gps': {'latitude': 16.8166305, 'longitude': 96.192817, 'altitude': 2.2, 'speed': 0.99, 'satellites': 6}}
2025-05-26 13:30:58,354 - INFO - Broadcasted parsed GPS data: {'timestamp': '2025-05-26 06:57:53.167935', 'device_id': '10000000e5ab9cbe', 'top_gps': {'latitude': 16.8166758, 'longitude': 96.1927833, 'altitude': 20.838, 'speed': 0.27, 'satellites': 6}, 'bottom_gps': {'latitude': 16.8166305, 'longitude': 96.192817, 'altitude': 2.2, 'speed': 0.99, 'satellites': 6}}
2025-05-26 13:30:58,354 - INFO - Broadcasted parsed GPS data: {'timestamp': '2025-05-26 06:57:54.671970', 'device_id': '10000000e5ab9cbe', 'top_gps': {'latitude': 16.8166758, 'longitude': 96.1927833, 'altitude': 20.838, 'speed': 0.27, 'satellites': 6}, 'bottom_gps': {'latitude': 16.816631167, 'longitude': 96.192819, 'altitude': -7.1, 'speed': 3.73, 'satellites': 6}}
2025-05-26 13:30:58,355 - INFO - Broadcasted parsed GPS data: {'timestamp': '2025-05-26 06:57:55.174000', 'device_id': '10000000e5ab9cbe', 'top_gps': {'latitude': 16.8166765, 'longitude': 96.1927829, 'altitude': 20.682, 'speed': 0.5, 'satellites': 6}, 'bottom_gps': {'latitude': 16.816631167, 'longitude': 96.192819, 'altitude': -7.1, 'speed': 3.73, 'satellites': 6}}
2025-05-26 13:30:58,355 - INFO - Broadcasted parsed GPS data: {'timestamp': '2025-05-26 06:57:56.678327', 'device_id': '10000000e5ab9cbe', 'top_gps': {'latitude': 16.8166765, 'longitude': 96.1927829, 'altitude': 20.682, 'speed': 0.5, 'satellites': 6}, 'bottom_gps': {'latitude': 16.816640833, 'longitude': 96.192811, 'altitude': -3.9, 'speed': 1.29, 'satellites': 6}}
2025-05-26 13:30:58,356 - INFO - Broadcasted parsed GPS data: {'timestamp': '2025-05-26 06:57:57.180306', 'device_id': '10000000e5ab9cbe', 'top_gps': {'latitude': 16.8166771, 'longitude': 96.1927821, 'altitude': 20.345, 'speed': 0.39, 'satellites': 6}, 'bottom_gps': {'latitude': 16.816640833, 'longitude': 96.192811, 'altitude': -3.9, 'speed': 1.29, 'satellites': 6}}
2025-05-26 13:30:58,356 - INFO - Broadcasted parsed GPS data: {'timestamp': '2025-05-26 06:57:58.684414', 'device_id': '10000000e5ab9cbe', 'top_gps': {'latitude': 16.8166771, 'longitude': 96.1927821, 'altitude': 20.345, 'speed': 0.39, 'satellites': 5}, 'bottom_gps': {'latitude': 16.816649667, 'longitude': 96.192802667, 'altitude': -5.6, 'speed': 3.42, 'satellites': 5}}
2025-05-26 13:30:58,356 - INFO - Broadcasted parsed GPS data: {'timestamp': '2025-05-26 06:57:59.186493', 'device_id': '10000000e5ab9cbe', 'top_gps': {'latitude': 16.8166777, 'longitude': 96.1927814, 'altitude': 20.169, 'speed': 0.64, 'satellites': 5}, 'bottom_gps': {'latitude': 16.816649667, 'longitude': 96.192802667, 'altitude': -5.6, 'speed': 3.42, 'satellites': 5}}
2025-05-26 13:30:58,357 - INFO - Broadcasted parsed GPS data: {'timestamp': '2025-05-26 06:58:00.690447', 'device_id': '10000000e5ab9cbe', 'top_gps': {'latitude': 16.8166777, 'longitude': 96.1927814, 'altitude': 20.169, 'speed': 0.64, 'satellites': 6}, 'bottom_gps': {'latitude': 16.816661333, 'longitude': 96.192804667, 'altitude': -9.5, 'speed': 4.82, 'satellites': 6}}
2025-05-26 13:30:58,357 - INFO - Broadcasted parsed GPS data: {'timestamp': '2025-05-26 06:58:01.192368', 'device_id': '10000000e5ab9cbe', 'top_gps': {'latitude': 16.8166766, 'longitude': 96.1927819, 'altitude': 20.113, 'speed': 0.46, 'satellites': 6}, 'bottom_gps': {'latitude': 16.816661333, 'longitude': 96.192804667, 'altitude': -9.5, 'speed': 4.82, 'satellites': 6}}
2025-05-26 13:30:58,358 - INFO - Broadcasted parsed GPS data: {'timestamp': '2025-05-26 06:58:02.696217', 'device_id': '10000000e5ab9cbe', 'top_gps': {'latitude': 16.8166766, 'longitude': 96.1927819, 'altitude': 20.113, 'speed': 0.46, 'satellites': 5}, 'bottom_gps': {'latitude': 16.816670167, 'longitude': 96.192799167, 'altitude': -14.0, 'speed': 3.51, 'satellites': 5}}
2025-05-26 13:30:58,358 - INFO - Broadcasted parsed GPS data: {'timestamp': '2025-05-26 06:58:03.198320', 'device_id': '10000000e5ab9cbe', 'top_gps': {'latitude': 16.8166755, 'longitude': 96.1927831, 'altitude': 20.025, 'speed': 0.49, 'satellites': 5}, 'bottom_gps': {'latitude': 16.816670167, 'longitude': 96.192799167, 'altitude': -14.0, 'speed': 3.51, 'satellites': 5}}
2025-05-26 13:30:58,359 - INFO - Broadcasted parsed GPS data: {'timestamp': '2025-05-26 06:58:04.702248', 'device_id': '10000000e5ab9cbe', 'top_gps': {'latitude': 16.8166755, 'longitude': 96.1927831, 'altitude': 20.025, 'speed': 0.49, 'satellites': 6}, 'bottom_gps': {'latitude': 16.816677833, 'longitude': 96.192801167, 'altitude': -20.1, 'speed': 4.01, 'satellites': 6}}
2025-05-26 13:30:58,359 - INFO - Broadcasted parsed GPS data: {'timestamp': '2025-05-26 06:58:05.204258', 'device_id': '10000000e5ab9cbe', 'top_gps': {'latitude': 16.8166744, 'longitude': 96.1927851, 'altitude': 20.304, 'speed': 0.25, 'satellites': 6}, 'bottom_gps': {'latitude': 16.816677833, 'longitude': 96.192801167, 'altitude': -20.1, 'speed': 4.01, 'satellites': 6}}
2025-05-26 13:30:58,359 - INFO - Broadcasted parsed GPS data: {'timestamp': '2025-05-26 06:58:06.708178', 'device_id': '10000000e5ab9cbe', 'top_gps': {'latitude': 16.8166744, 'longitude': 96.1927851, 'altitude': 20.304, 'speed': 0.25, 'satellites': 6}, 'bottom_gps': {'latitude': 16.8166915, 'longitude': 96.1927995, 'altitude': -7.8, 'speed': 5.39, 'satellites': 6}}
2025-05-26 13:30:58,360 - INFO - Broadcasted parsed GPS data: {'timestamp': '2025-05-26 06:58:07.210248', 'device_id': '10000000e5ab9cbe', 'top_gps': {'latitude': 16.816674, 'longitude': 96.1927866, 'altitude': 20.271, 'speed': 0.1, 'satellites': 6}, 'bottom_gps': {'latitude': 16.8166915, 'longitude': 96.1927995, 'altitude': -7.8, 'speed': 5.39, 'satellites': 6}}
2025-05-26 13:30:58,360 - INFO - Broadcasted parsed GPS data: {'timestamp': '2025-05-26 06:58:08.714212', 'device_id': '10000000e5ab9cbe', 'top_gps': {'latitude': 16.816674, 'longitude': 96.1927866, 'altitude': 20.271, 'speed': 0.1, 'satellites': 6}, 'bottom_gps': {'latitude': 16.816707167, 'longitude': 96.192794833, 'altitude': 2.4, 'speed': 5.75, 'satellites': 6}}
2025-05-26 13:30:58,361 - INFO - Broadcasted parsed GPS data: {'timestamp': '2025-05-26 06:58:09.216287', 'device_id': '10000000e5ab9cbe', 'top_gps': {'latitude': 16.8166751, 'longitude': 96.192786, 'altitude': 19.706, 'speed': 0.33, 'satellites': 6}, 'bottom_gps': {'latitude': 16.816707167, 'longitude': 96.192794833, 'altitude': 2.4, 'speed': 5.75, 'satellites': 6}}
2025-05-26 13:30:58,361 - INFO - Broadcasted parsed GPS data: {'timestamp': '2025-05-26 06:58:10.720268', 'device_id': '10000000e5ab9cbe', 'top_gps': {'latitude': 16.8166751, 'longitude': 96.192786, 'altitude': 19.706, 'speed': 0.33, 'satellites': 6}, 'bottom_gps': {'latitude': 16.816722167, 'longitude': 96.192789, 'altitude': 12.4, 'speed': 5.93, 'satellites': 6}}
2025-05-26 13:30:58,361 - INFO - Broadcasted parsed GPS data: {'timestamp': '2025-05-26 06:58:11.222268', 'device_id': '10000000e5ab9cbe', 'top_gps': {'latitude': 16.8166745, 'longitude': 96.1927875, 'altitude': 19.905, 'speed': 0.1, 'satellites': 6}, 'bottom_gps': {'latitude': 16.816722167, 'longitude': 96.192789, 'altitude': 12.4, 'speed': 5.93, 'satellites': 6}}
2025-05-26 13:30:58,362 - INFO - Broadcasted parsed GPS data: {'timestamp': '2025-05-26 06:58:12.726082', 'device_id': '10000000e5ab9cbe', 'top_gps': {'latitude': 16.8166745, 'longitude': 96.1927875, 'altitude': 19.905, 'speed': 0.1, 'satellites': 5}, 'bottom_gps': {'latitude': 16.816735833, 'longitude': 96.192781167, 'altitude': 21.7, 'speed': 5.76, 'satellites': 5}}
2025-05-26 13:30:58,362 - INFO - Broadcasted parsed GPS data: {'timestamp': '2025-05-26 06:58:13.228166', 'device_id': '10000000e5ab9cbe', 'top_gps': {'latitude': 16.8166748, 'longitude': 96.1927879, 'altitude': 19.775, 'speed': 0.07, 'satellites': 5}, 'bottom_gps': {'latitude': 16.816735833, 'longitude': 96.192781167, 'altitude': 21.7, 'speed': 5.76, 'satellites': 5}}
2025-05-26 13:30:58,363 - INFO - Broadcasted parsed GPS data: {'timestamp': '2025-05-26 06:58:14.732144', 'device_id': '10000000e5ab9cbe', 'top_gps': {'latitude': 16.8166748, 'longitude': 96.1927879, 'altitude': 19.775, 'speed': 0.07, 'satellites': 5}, 'bottom_gps': {'latitude': 16.816743, 'longitude': 96.192775833, 'altitude': 29.9, 'speed': 4.02, 'satellites': 5}}
2025-05-26 13:30:58,363 - INFO - Broadcasted parsed GPS data: {'timestamp': '2025-05-26 06:58:15.234148', 'device_id': '10000000e5ab9cbe', 'top_gps': {'latitude': 16.816676, 'longitude': 96.1927863, 'altitude': 19.341, 'speed': 0.8, 'satellites': 5}, 'bottom_gps': {'latitude': 16.816743, 'longitude': 96.192775833, 'altitude': 29.9, 'speed': 4.02, 'satellites': 5}}
2025-05-26 13:30:58,364 - INFO - Broadcasted parsed GPS data: {'timestamp': '2025-05-26 06:58:16.738024', 'device_id': '10000000e5ab9cbe', 'top_gps': {'latitude': 16.816676, 'longitude': 96.1927863, 'altitude': 19.341, 'speed': 0.8, 'satellites': 6}, 'bottom_gps': {'latitude': 16.816751, 'longitude': 96.192771167, 'altitude': 38.0, 'speed': 3.41, 'satellites': 6}}
2025-05-26 13:30:58,364 - INFO - Broadcasted parsed GPS data: {'timestamp': '2025-05-26 06:58:17.240043', 'device_id': '10000000e5ab9cbe', 'top_gps': {'latitude': 16.8166765, 'longitude': 96.192786, 'altitude': 19.112, 'speed': 0.28, 'satellites': 6}, 'bottom_gps': {'latitude': 16.816751, 'longitude': 96.192771167, 'altitude': 38.0, 'speed': 3.41, 'satellites': 6}}
2025-05-26 13:30:58,365 - INFO - Broadcasted parsed GPS data: {'timestamp': '2025-05-26 06:58:18.744025', 'device_id': '10000000e5ab9cbe', 'top_gps': {'latitude': 16.8166765, 'longitude': 96.192786, 'altitude': 19.112, 'speed': 0.28, 'satellites': 5}, 'bottom_gps': {'latitude': 16.816758833, 'longitude': 96.1927705, 'altitude': 42.7, 'speed': 3.05, 'satellites': 5}}
2025-05-26 13:30:58,366 - INFO - Broadcasted parsed GPS data: {'timestamp': '2025-05-26 06:58:19.246009', 'device_id': '10000000e5ab9cbe', 'top_gps': {'latitude': 16.8166774, 'longitude': 96.1927856, 'altitude': 18.771, 'speed': 0.33, 'satellites': 5}, 'bottom_gps': {'latitude': 16.816758833, 'longitude': 96.1927705, 'altitude': 42.7, 'speed': 3.05, 'satellites': 5}}
2025-05-26 13:30:58,366 - INFO - Broadcasted parsed GPS data: {'timestamp': '2025-05-26 06:58:20.749947', 'device_id': '10000000e5ab9cbe', 'top_gps': {'latitude': 16.8166774, 'longitude': 96.1927856, 'altitude': 18.771, 'speed': 0.33, 'satellites': 5}, 'bottom_gps': {'latitude': 16.816757, 'longitude': 96.192769167, 'altitude': 47.5, 'speed': 1.59, 'satellites': 5}}
2025-05-26 13:30:58,366 - INFO - Broadcasted parsed GPS data: {'timestamp': '2025-05-26 06:58:21.252023', 'device_id': '10000000e5ab9cbe', 'top_gps': {'latitude': 16.8166788, 'longitude': 96.1927833, 'altitude': 18.187, 'speed': 0.85, 'satellites': 5}, 'bottom_gps': {'latitude': 16.816757, 'longitude': 96.192769167, 'altitude': 47.5, 'speed': 1.59, 'satellites': 5}}
2025-05-26 13:30:58,367 - INFO - Broadcasted parsed GPS data: {'timestamp': '2025-05-26 06:58:22.755847', 'device_id': '10000000e5ab9cbe', 'top_gps': {'latitude': 16.8166788, 'longitude': 96.1927833, 'altitude': 18.187, 'speed': 0.85, 'satellites': 5}, 'bottom_gps': {'latitude': 16.816745, 'longitude': 96.1927695, 'altitude': 50.4, 'speed': 1.02, 'satellites': 5}}
2025-05-26 13:30:58,367 - INFO - Broadcasted parsed GPS data: {'timestamp': '2025-05-26 06:58:23.257889', 'device_id': '10000000e5ab9cbe', 'top_gps': {'latitude': 16.8166794, 'longitude': 96.1927826, 'altitude': 17.974, 'speed': 0.63, 'satellites': 5}, 'bottom_gps': {'latitude': 16.816745, 'longitude': 96.1927695, 'altitude': 50.4, 'speed': 1.02, 'satellites': 5}}
2025-05-26 13:30:58,367 - INFO - Broadcasted parsed GPS data: {'timestamp': '2025-05-26 06:58:24.761951', 'device_id': '10000000e5ab9cbe', 'top_gps': {'latitude': 16.8166794, 'longitude': 96.1927826, 'altitude': 17.974, 'speed': 0.63, 'satellites': 5}, 'bottom_gps': {'latitude': 16.816740833, 'longitude': 96.192775, 'altitude': 50.3, 'speed': 1.36, 'satellites': 5}}
2025-05-26 13:30:58,368 - INFO - Broadcasted parsed GPS data: {'timestamp': '2025-05-26 06:58:25.264060', 'device_id': '10000000e5ab9cbe', 'top_gps': {'latitude': 16.8166796, 'longitude': 96.1927835, 'altitude': 18.093, 'speed': 0.27, 'satellites': 5}, 'bottom_gps': {'latitude': 16.816740833, 'longitude': 96.192775, 'altitude': 50.3, 'speed': 1.36, 'satellites': 5}}
2025-05-26 13:30:58,368 - INFO - Broadcasted parsed GPS data: {'timestamp': '2025-05-26 06:58:26.767957', 'device_id': '10000000e5ab9cbe', 'top_gps': {'latitude': 16.8166796, 'longitude': 96.1927835, 'altitude': 18.093, 'speed': 0.27, 'satellites': 5}, 'bottom_gps': {'latitude': 16.816741833, 'longitude': 96.192774, 'altitude': 51.3, 'speed': 1.08, 'satellites': 5}}
2025-05-26 13:30:58,369 - INFO - Broadcasted parsed GPS data: {'timestamp': '2025-05-26 06:58:27.269948', 'device_id': '10000000e5ab9cbe', 'top_gps': {'latitude': 16.8166805, 'longitude': 96.1927806, 'altitude': 17.449, 'speed': 0.56, 'satellites': 5}, 'bottom_gps': {'latitude': 16.816741833, 'longitude': 96.192774, 'altitude': 51.3, 'speed': 1.08, 'satellites': 5}}
2025-05-26 13:30:58,369 - INFO - Broadcasted parsed GPS data: {'timestamp': '2025-05-26 06:58:28.774024', 'device_id': '10000000e5ab9cbe', 'top_gps': {'latitude': 16.8166805, 'longitude': 96.1927806, 'altitude': 17.449, 'speed': 0.56, 'satellites': 5}, 'bottom_gps': {'latitude': 16.8167485, 'longitude': 96.192775333, 'altitude': 52.7, 'speed': 0.1, 'satellites': 5}}
2025-05-26 13:30:58,369 - INFO - Broadcasted parsed GPS data: {'timestamp': '2025-05-26 06:58:29.276132', 'device_id': '10000000e5ab9cbe', 'top_gps': {'latitude': 16.8166803, 'longitude': 96.1927797, 'altitude': 17.449, 'speed': 0.33, 'satellites': 5}, 'bottom_gps': {'latitude': 16.8167485, 'longitude': 96.192775333, 'altitude': 52.7, 'speed': 0.1, 'satellites': 5}}
